{"devicePlatform":"","logFolder":"C:\\Users\\ARJUN\\Desktop\\ArcWithKatalonStudio-master\\ArcWithKatalonStudio-master\\Reports\\Building Suites\\BuildingNone TestSuite\\20180619_105314","runData":{"hostName":"ARJUN - ARJUNS","os":"Windows 10 64bit","katalonVersion":"5.4.2.1","browser":"Chrome 67.0.3396.87","hostAddress":"192.168.56.1","sessionId":"a9dcd1eb53462512dad8351df49de529","seleniumVersion":"3.7.1","proxyInformation":"ProxyInformation{proxyOption\u003dNO_PROXY, proxyServerType\u003dHTTP, password\u003d, proxyServerAddress\u003d, proxyServerPort\u003d0}","platform":"Windows 10"},"type":"TEST_SUITE","name":"BuildingNone TestSuite","id":"Test Suites/Building Suites/BuildingNone TestSuite","source":"","message":"Test Cases/Buildings/MyBuildings/BuildingNone/AddNewProjectTest FAILED because (of) Unable to click on object \u0027Object Repository/Page_Arc dashboard/a_ Buildings\u0027 (Root cause: com.kms.katalon.core.webui.exception.WebElementNotFoundException: Web element with id: \u0027Object Repository/Page_Arc dashboard/a_ Buildings\u0027 located by \u0027By.xpath: //a[(text() \u003d \u0027   Buildings   \u0027 or . \u003d \u0027   Buildings   \u0027)]\u0027 not found)","description":"","startTime":1529420002044,"endTime":1529420048920,"childRecords":[{"isOptional":false,"type":"TEST_CASE","name":"Test Cases/Buildings/MyBuildings/BuildingNone/AddNewProjectTest","id":"Test Cases/Buildings/MyBuildings/BuildingNone/AddNewProjectTest","source":"C:\\\\Users\\\\ARJUN\\\\Desktop\\\\ArcWithKatalonStudio-master\\\\ArcWithKatalonStudio-master\\\\Test Cases\\\\Buildings\\\\MyBuildings\\\\BuildingNone\\\\AddNewProjectTest.tc","message":"Test Cases/Buildings/MyBuildings/BuildingNone/AddNewProjectTest FAILED because (of) Unable to click on object \u0027Object Repository/Page_Arc dashboard/a_ Buildings\u0027 (Root cause: com.kms.katalon.core.webui.exception.WebElementNotFoundException: Web element with id: \u0027Object Repository/Page_Arc dashboard/a_ Buildings\u0027 located by \u0027By.xpath: //a[(text() \u003d \u0027   Buildings   \u0027 or . \u003d \u0027   Buildings   \u0027)]\u0027 not found)","description":"US Building None Project Registration","startTime":1529420004662,"endTime":1529420043978,"childRecords":[{"testStatus":{"stackTrace":"","statusValue":"INFO"},"type":"MESSAGE","name":"","message":"Evaluating variables for test case","startTime":1529420004714,"endTime":0,"childRecords":[],"interuppted":false},{"testStatus":{"stackTrace":"","statusValue":"INFO"},"type":"MESSAGE","name":"","message":"Variable \u0027USBuildingNone\u0027 is set to USBuildingNone as default","startTime":1529420004842,"endTime":0,"childRecords":[],"interuppted":false},{"testStatus":{"stackTrace":"","statusValue":"INFO"},"type":"MESSAGE","name":"","message":"Variable \u0027ProjectType\u0027 is set to Buildings as default","startTime":1529420004871,"endTime":0,"childRecords":[],"interuppted":false},{"testStatus":{"stackTrace":"","statusValue":"INFO"},"type":"MESSAGE","name":"","message":"Variable \u0027RatingSystem\u0027 is set to None as default","startTime":1529420004906,"endTime":0,"childRecords":[],"interuppted":false},{"index":-1,"isIgnoredIfFailed":false,"type":"TEST_STEP","name":"Start listener action : beforeTestListener","message":"org.codehaus.groovy.runtime.InvokerInvocationException: groovy.lang.MissingMethodException: No signature of method: static com.kms.katalon.core.webui.keyword.WebUiBuiltInKeywords.waitForPageLoad() is applicable for argument types: (null) values: [null]\nPossible solutions: waitForPageLoad(int), waitForPageLoad(int, com.kms.katalon.core.model.FailureHandling)","description":"","startTime":1529420004930,"endTime":1529420010736,"childRecords":[{"index":1,"isIgnoredIfFailed":false,"type":"TEST_STEP","name":"com.arc.ReusableMethods.ReusableMethodsLogin.loginIntoArcWithGlobalVariable","message":"org.codehaus.groovy.runtime.InvokerInvocationException: groovy.lang.MissingMethodException: No signature of method: static com.kms.katalon.core.webui.keyword.WebUiBuiltInKeywords.waitForPageLoad() is applicable for argument types: (null) values: [null]\nPossible solutions: waitForPageLoad(int), waitForPageLoad(int, com.kms.katalon.core.model.FailureHandling)","description":"","startTime":1529420004946,"endTime":1529420010735,"childRecords":[{"testStatus":{"stackTrace":"","statusValue":"PASSED"},"type":"MESSAGE","name":"","message":"Browser is opened with url: \u0027null\u0027","startTime":1529420009427,"endTime":0,"childRecords":[],"interuppted":false},{"testStatus":{"stackTrace":"","statusValue":"PASSED"},"type":"MESSAGE","name":"","message":"Current window maximized","startTime":1529420010666,"endTime":0,"childRecords":[],"interuppted":false},{"testStatus":{"stackTrace":"","statusValue":"ERROR"},"type":"MESSAGE","name":"","message":"groovy.lang.MissingMethodException: No signature of method: static com.kms.katalon.core.webui.keyword.WebUiBuiltInKeywords.waitForPageLoad() is applicable for argument types: (null) values: [null]\nPossible solutions: waitForPageLoad(int), waitForPageLoad(int, com.kms.katalon.core.model.FailureHandling)","startTime":1529420010704,"endTime":0,"childRecords":[],"interuppted":false},{"testStatus":{"stackTrace":"","statusValue":"ERROR"},"type":"MESSAGE","name":"","message":"org.codehaus.groovy.runtime.InvokerInvocationException: groovy.lang.MissingMethodException: No signature of method: static com.kms.katalon.core.webui.keyword.WebUiBuiltInKeywords.waitForPageLoad() is applicable for argument types: (null) values: [null]\nPossible solutions: waitForPageLoad(int), waitForPageLoad(int, com.kms.katalon.core.model.FailureHandling)","startTime":1529420010733,"endTime":0,"childRecords":[],"interuppted":false}],"interuppted":false}],"interuppted":false},{"attachment":"1529420042962.png","index":1,"isIgnoredIfFailed":false,"type":"TEST_STEP","name":"Statement - Try","message":"Unable to click on object \u0027Object Repository/Page_Arc dashboard/a_ Buildings\u0027 (Root cause: com.kms.katalon.core.webui.exception.WebElementNotFoundException: Web element with id: \u0027Object Repository/Page_Arc dashboard/a_ Buildings\u0027 located by \u0027By.xpath: //a[(text() \u003d \u0027   Buildings   \u0027 or . \u003d \u0027   Buildings   \u0027)]\u0027 not found)","description":"","startTime":1529420011189,"endTime":1529420043281,"childRecords":[{"attachment":"1529420042962.png","index":1,"isIgnoredIfFailed":false,"type":"TEST_STEP","name":"com.arc.ReusableMethods.ReusableMethodsNavigation.navigateToBuilding","message":"Unable to click on object \u0027Object Repository/Page_Arc dashboard/a_ Buildings\u0027 (Root cause: com.kms.katalon.core.webui.exception.WebElementNotFoundException: Web element with id: \u0027Object Repository/Page_Arc dashboard/a_ Buildings\u0027 located by \u0027By.xpath: //a[(text() \u003d \u0027   Buildings   \u0027 or . \u003d \u0027   Buildings   \u0027)]\u0027 not found)","description":"","startTime":1529420011199,"endTime":1529420043281,"childRecords":[{"testStatus":{"stackTrace":"","statusValue":"FAILED"},"attachment":"1529420042962.png","type":"MESSAGE","name":"","message":"Unable to click on object \u0027Object Repository/Page_Arc dashboard/a_ Buildings\u0027 (Root cause: com.kms.katalon.core.webui.exception.WebElementNotFoundException: Web element with id: \u0027Object Repository/Page_Arc dashboard/a_ Buildings\u0027 located by \u0027By.xpath: //a[(text() \u003d \u0027   Buildings   \u0027 or . \u003d \u0027   Buildings   \u0027)]\u0027 not found)","startTime":1529420043276,"endTime":0,"childRecords":[],"interuppted":false},{"testStatus":{"stackTrace":"","statusValue":"FAILED"},"type":"MESSAGE","name":"","message":"Unable to click on object \u0027Object Repository/Page_Arc dashboard/a_ Buildings\u0027 (Root cause: com.kms.katalon.core.webui.exception.WebElementNotFoundException: Web element with id: \u0027Object Repository/Page_Arc dashboard/a_ Buildings\u0027 located by \u0027By.xpath: //a[(text() \u003d \u0027   Buildings   \u0027 or . \u003d \u0027   Buildings   \u0027)]\u0027 not found)","startTime":1529420043281,"endTime":0,"childRecords":[],"interuppted":false}],"interuppted":false}],"interuppted":false},{"index":2,"isIgnoredIfFailed":false,"type":"TEST_STEP","name":"Statement - Catch (Throwable t)","description":"","startTime":1529420043289,"endTime":1529420043382,"childRecords":[{"index":1,"isIgnoredIfFailed":false,"type":"TEST_STEP","name":"Statement - out.println(t.getLocalizedMessage())","description":"","startTime":1529420043289,"endTime":1529420043354,"childRecords":[],"interuppted":false},{"index":2,"isIgnoredIfFailed":false,"type":"TEST_STEP","name":"Statement - e1 \u003d new java.lang.Error(t.getMessage())","description":"","startTime":1529420043354,"endTime":1529420043362,"childRecords":[],"interuppted":false},{"index":3,"isIgnoredIfFailed":false,"type":"TEST_STEP","name":"Statement - e1.setStackTrace(t.getStackTrace())","description":"","startTime":1529420043363,"endTime":1529420043364,"childRecords":[],"interuppted":false},{"index":4,"isIgnoredIfFailed":false,"type":"TEST_STEP","name":"Statement - e1.printStackTrace()","description":"","startTime":1529420043364,"endTime":1529420043382,"childRecords":[],"interuppted":false}],"interuppted":false},{"testStatus":{"stackTrace":"","statusValue":"FAILED"},"type":"MESSAGE","name":"","message":"Test Cases/Buildings/MyBuildings/BuildingNone/AddNewProjectTest FAILED because (of) Unable to click on object \u0027Object Repository/Page_Arc dashboard/a_ Buildings\u0027 (Root cause: com.kms.katalon.core.webui.exception.WebElementNotFoundException: Web element with id: \u0027Object Repository/Page_Arc dashboard/a_ Buildings\u0027 located by \u0027By.xpath: //a[(text() \u003d \u0027   Buildings   \u0027 or . \u003d \u0027   Buildings   \u0027)]\u0027 not found)","startTime":1529420043390,"endTime":0,"childRecords":[],"interuppted":false},{"attachment":"C:\\\\Users\\\\ARJUN\\\\Desktop\\\\ArcWithKatalonStudio-master\\\\ArcWithKatalonStudio-master\\\\ScreenShot\\\\screenshot_20180619105403.png","index":-1,"isIgnoredIfFailed":false,"type":"TEST_STEP","name":"Start listener action : afterTestCase","message":"Taking screenshot successfully","description":"","startTime":1529420043390,"endTime":1529420043977,"childRecords":[{"index":1,"isIgnoredIfFailed":false,"type":"TEST_STEP","name":"switchToDefaultContent","message":"Switching to default content","description":"","startTime":1529420043390,"endTime":1529420043492,"childRecords":[],"interuppted":false},{"index":2,"isIgnoredIfFailed":false,"type":"TEST_STEP","name":"Statement - com.kms.katalon.core.util.KeywordUtil.markWarning(\"Test Case Name : \" + testCase.getTestCaseId())","message":"Test Case Name : Test Cases/Buildings/MyBuildings/BuildingNone/AddNewProjectTest","description":"","startTime":1529420043492,"endTime":1529420043507,"childRecords":[{"testStatus":{"stackTrace":"","statusValue":"WARNING"},"type":"MESSAGE","name":"","message":"Test Case Name : Test Cases/Buildings/MyBuildings/BuildingNone/AddNewProjectTest","startTime":1529420043507,"endTime":0,"childRecords":[],"interuppted":false}],"interuppted":false},{"index":3,"isIgnoredIfFailed":false,"type":"TEST_STEP","name":"Statement - com.kms.katalon.core.util.KeywordUtil.markWarning(\"Test Case Status : \" + testCase.getTestCaseStatus())","message":"Test Case Status : FAILED","description":"","startTime":1529420043525,"endTime":1529420043525,"childRecords":[{"testStatus":{"stackTrace":"","statusValue":"WARNING"},"type":"MESSAGE","name":"","message":"Test Case Status : FAILED","startTime":1529420043525,"endTime":0,"childRecords":[],"interuppted":false}],"interuppted":false},{"attachment":"C:\\\\Users\\\\ARJUN\\\\Desktop\\\\ArcWithKatalonStudio-master\\\\ArcWithKatalonStudio-master\\\\ScreenShot\\\\screenshot_20180619105403.png","index":4,"isIgnoredIfFailed":false,"type":"TEST_STEP","name":"Statement - If (\"FAILED\".equalsIgnoreCase(testCase.getTestCaseStatus()))","message":"Taking screenshot successfully","description":"","startTime":1529420043525,"endTime":1529420043976,"childRecords":[{"index":1,"isIgnoredIfFailed":false,"type":"TEST_STEP","name":"Statement - println(\"Test case Fail taking Screenshot\")","description":"","startTime":1529420043525,"endTime":1529420043535,"childRecords":[],"interuppted":false},{"attachment":"C:\\\\Users\\\\ARJUN\\\\Desktop\\\\ArcWithKatalonStudio-master\\\\ArcWithKatalonStudio-master\\\\ScreenShot\\\\screenshot_20180619105403.png","index":2,"isIgnoredIfFailed":false,"type":"TEST_STEP","name":"Statement - Try","message":"Taking screenshot successfully","description":"","startTime":1529420043535,"endTime":1529420043976,"childRecords":[{"index":1,"isIgnoredIfFailed":false,"type":"TEST_STEP","name":"Statement - data \u003d new java.util.Date(java.lang.System.currentTimeMillis())","description":"","startTime":1529420043536,"endTime":1529420043546,"childRecords":[],"interuppted":false},{"index":2,"isIgnoredIfFailed":false,"type":"TEST_STEP","name":"Statement - formatarDate \u003d new java.text.SimpleDateFormat(yyyyMMddHHmmss)","description":"","startTime":1529420043553,"endTime":1529420043569,"childRecords":[],"interuppted":false},{"attachment":"C:\\\\Users\\\\ARJUN\\\\Desktop\\\\ArcWithKatalonStudio-master\\\\ArcWithKatalonStudio-master\\\\ScreenShot\\\\screenshot_20180619105403.png","index":3,"isIgnoredIfFailed":false,"type":"TEST_STEP","name":"takeScreenshot","message":"Taking screenshot successfully","description":"","startTime":1529420043569,"endTime":1529420043974,"childRecords":[{"testStatus":{"stackTrace":"","statusValue":"PASSED"},"attachment":"C:\\\\Users\\\\ARJUN\\\\Desktop\\\\ArcWithKatalonStudio-master\\\\ArcWithKatalonStudio-master\\\\ScreenShot\\\\screenshot_20180619105403.png","type":"MESSAGE","name":"","message":"Taking screenshot successfully","startTime":1529420043974,"endTime":0,"childRecords":[],"interuppted":false}],"interuppted":false}],"interuppted":false}],"interuppted":false}],"interuppted":false}],"interuppted":false},{"isOptional":false,"type":"TEST_CASE","name":"Test Cases/Buildings/MyBuildings/BuildingNone/PaymentByCreditCardTest","id":"Test Cases/Buildings/MyBuildings/BuildingNone/PaymentByCreditCardTest","source":"C:\\\\Users\\\\ARJUN\\\\Desktop\\\\ArcWithKatalonStudio-master\\\\ArcWithKatalonStudio-master\\\\Test Cases\\\\Buildings\\\\MyBuildings\\\\BuildingNone\\\\PaymentByCreditCardTest.tc","message":"Test Cases/Buildings/MyBuildings/BuildingNone/PaymentByCreditCardTest FAILED because (of) org.codehaus.groovy.runtime.metaclass.MissingMethodExceptionNoStack: No signature of method: com.arc.ReusableMethods.ReusableMethodsSearch.searchProgram() is applicable for argument types: (null, null) values: [null, null]\nPossible solutions: searchProgram(java.lang.String, int)","description":"","startTime":1529420044002,"endTime":1529420048918,"childRecords":[{"testStatus":{"stackTrace":"","statusValue":"INFO"},"type":"MESSAGE","name":"","message":"Evaluating variables for test case","startTime":1529420044015,"endTime":0,"childRecords":[],"interuppted":false},{"index":-1,"isIgnoredIfFailed":false,"type":"TEST_STEP","name":"Start listener action : beforeTestListener","message":"org.codehaus.groovy.runtime.InvokerInvocationException: groovy.lang.MissingMethodException: No signature of method: static com.kms.katalon.core.webui.keyword.WebUiBuiltInKeywords.waitForPageLoad() is applicable for argument types: (null) values: [null]\nPossible solutions: waitForPageLoad(int), waitForPageLoad(int, com.kms.katalon.core.model.FailureHandling)","description":"","startTime":1529420044015,"endTime":1529420048530,"childRecords":[{"index":1,"isIgnoredIfFailed":false,"type":"TEST_STEP","name":"com.arc.ReusableMethods.ReusableMethodsLogin.loginIntoArcWithGlobalVariable","message":"org.codehaus.groovy.runtime.InvokerInvocationException: groovy.lang.MissingMethodException: No signature of method: static com.kms.katalon.core.webui.keyword.WebUiBuiltInKeywords.waitForPageLoad() is applicable for argument types: (null) values: [null]\nPossible solutions: waitForPageLoad(int), waitForPageLoad(int, com.kms.katalon.core.model.FailureHandling)","description":"","startTime":1529420044023,"endTime":1529420048529,"childRecords":[{"testStatus":{"stackTrace":"","statusValue":"WARNING"},"type":"MESSAGE","name":"","message":"A browser is already opened. Closing browser and opening a new one","startTime":1529420044026,"endTime":0,"childRecords":[],"interuppted":false},{"testStatus":{"stackTrace":"","statusValue":"PASSED"},"type":"MESSAGE","name":"","message":"Browser is opened with url: \u0027null\u0027","startTime":1529420047343,"endTime":0,"childRecords":[],"interuppted":false},{"testStatus":{"stackTrace":"","statusValue":"PASSED"},"type":"MESSAGE","name":"","message":"Current window maximized","startTime":1529420048477,"endTime":0,"childRecords":[],"interuppted":false},{"testStatus":{"stackTrace":"","statusValue":"ERROR"},"type":"MESSAGE","name":"","message":"groovy.lang.MissingMethodException: No signature of method: static com.kms.katalon.core.webui.keyword.WebUiBuiltInKeywords.waitForPageLoad() is applicable for argument types: (null) values: [null]\nPossible solutions: waitForPageLoad(int), waitForPageLoad(int, com.kms.katalon.core.model.FailureHandling)","startTime":1529420048503,"endTime":0,"childRecords":[],"interuppted":false},{"testStatus":{"stackTrace":"","statusValue":"ERROR"},"type":"MESSAGE","name":"","message":"org.codehaus.groovy.runtime.InvokerInvocationException: groovy.lang.MissingMethodException: No signature of method: static com.kms.katalon.core.webui.keyword.WebUiBuiltInKeywords.waitForPageLoad() is applicable for argument types: (null) values: [null]\nPossible solutions: waitForPageLoad(int), waitForPageLoad(int, com.kms.katalon.core.model.FailureHandling)","startTime":1529420048527,"endTime":0,"childRecords":[],"interuppted":false}],"interuppted":false}],"interuppted":false},{"index":1,"isIgnoredIfFailed":false,"type":"TEST_STEP","name":"Statement - Try","message":"No signature of method: com.arc.ReusableMethods.ReusableMethodsSearch.searchProgram() is applicable for argument types: (null, null) values: [null, null]\nPossible solutions: searchProgram(java.lang.String, int)","description":"","startTime":1529420048845,"endTime":1529420048855,"childRecords":[{"index":1,"isIgnoredIfFailed":false,"type":"TEST_STEP","name":"com.arc.ReusableMethods.ReusableMethodsSearch.searchProgram","message":"No signature of method: com.arc.ReusableMethods.ReusableMethodsSearch.searchProgram() is applicable for argument types: (null, null) values: [null, null]\nPossible solutions: searchProgram(java.lang.String, int)","description":"","startTime":1529420048846,"endTime":1529420048855,"childRecords":[{"testStatus":{"stackTrace":"","statusValue":"ERROR"},"type":"MESSAGE","name":"","message":"No signature of method: com.arc.ReusableMethods.ReusableMethodsSearch.searchProgram() is applicable for argument types: (null, null) values: [null, null]\nPossible solutions: searchProgram(java.lang.String, int)","startTime":1529420048855,"endTime":0,"childRecords":[],"interuppted":false}],"interuppted":false}],"interuppted":false},{"index":2,"isIgnoredIfFailed":false,"type":"TEST_STEP","name":"Statement - Catch (Throwable t)","description":"","startTime":1529420048855,"endTime":1529420048878,"childRecords":[{"index":1,"isIgnoredIfFailed":false,"type":"TEST_STEP","name":"Statement - out.println(t.getLocalizedMessage())","description":"","startTime":1529420048863,"endTime":1529420048869,"childRecords":[],"interuppted":false},{"index":2,"isIgnoredIfFailed":false,"type":"TEST_STEP","name":"Statement - e1 \u003d new java.lang.Error(t.getMessage())","description":"","startTime":1529420048869,"endTime":1529420048869,"childRecords":[],"interuppted":false},{"index":3,"isIgnoredIfFailed":false,"type":"TEST_STEP","name":"Statement - e1.setStackTrace(t.getStackTrace())","description":"","startTime":1529420048869,"endTime":1529420048874,"childRecords":[],"interuppted":false},{"index":4,"isIgnoredIfFailed":false,"type":"TEST_STEP","name":"Statement - e1.printStackTrace()","description":"","startTime":1529420048874,"endTime":1529420048878,"childRecords":[],"interuppted":false}],"interuppted":false},{"testStatus":{"stackTrace":"","statusValue":"ERROR"},"type":"MESSAGE","name":"","message":"Test Cases/Buildings/MyBuildings/BuildingNone/PaymentByCreditCardTest FAILED because (of) org.codehaus.groovy.runtime.metaclass.MissingMethodExceptionNoStack: No signature of method: com.arc.ReusableMethods.ReusableMethodsSearch.searchProgram() is applicable for argument types: (null, null) values: [null, null]\nPossible solutions: searchProgram(java.lang.String, int)","startTime":1529420048882,"endTime":0,"childRecords":[],"interuppted":false},{"index":-1,"isIgnoredIfFailed":false,"type":"TEST_STEP","name":"Start listener action : afterTestCase","message":"Invoke \u0027com.kms.katalon.core.annotation.AfterTestCase\u0027 method: \u0027MasterTestListener.afterTestCase(...)\u0027 completed.","description":"","startTime":1529420048884,"endTime":1529420048918,"childRecords":[{"index":1,"isIgnoredIfFailed":false,"type":"TEST_STEP","name":"switchToDefaultContent","message":"Switching to default content","description":"","startTime":1529420048885,"endTime":1529420048914,"childRecords":[],"interuppted":false},{"index":2,"isIgnoredIfFailed":false,"type":"TEST_STEP","name":"Statement - com.kms.katalon.core.util.KeywordUtil.markWarning(\"Test Case Name : \" + testCase.getTestCaseId())","message":"Test Case Name : Test Cases/Buildings/MyBuildings/BuildingNone/PaymentByCreditCardTest","description":"","startTime":1529420048914,"endTime":1529420048915,"childRecords":[{"testStatus":{"stackTrace":"","statusValue":"WARNING"},"type":"MESSAGE","name":"","message":"Test Case Name : Test Cases/Buildings/MyBuildings/BuildingNone/PaymentByCreditCardTest","startTime":1529420048915,"endTime":0,"childRecords":[],"interuppted":false}],"interuppted":false},{"index":3,"isIgnoredIfFailed":false,"type":"TEST_STEP","name":"Statement - com.kms.katalon.core.util.KeywordUtil.markWarning(\"Test Case Status : \" + testCase.getTestCaseStatus())","message":"Test Case Status : ERROR","description":"","startTime":1529420048915,"endTime":1529420048916,"childRecords":[{"testStatus":{"stackTrace":"","statusValue":"WARNING"},"type":"MESSAGE","name":"","message":"Test Case Status : ERROR","startTime":1529420048915,"endTime":0,"childRecords":[],"interuppted":false}],"interuppted":false},{"index":4,"isIgnoredIfFailed":false,"type":"TEST_STEP","name":"Statement - If (\"FAILED\".equalsIgnoreCase(testCase.getTestCaseStatus()))","message":"Invoke \u0027com.kms.katalon.core.annotation.AfterTestCase\u0027 method: \u0027MasterTestListener.afterTestCase(...)\u0027 completed.","description":"","startTime":1529420048917,"endTime":1529420048917,"childRecords":[],"interuppted":false}],"interuppted":false}],"interuppted":false}],"interuppted":false}